<?xml version="1.0" encoding="UTF-8"?>
<testsuite name="org.openmrs.api.FormServiceTest" time="0.605" tests="48" errors="0" skipped="0" failures="0">
  <properties>
[...]
</properties>
  <testcase name="getFormByUuid_shouldReturnNullIfNoObjectFoundWithGivenUuid" classname="org.openmrs.api.FormServiceTest" time="0.005"/>
  <testcase name="shouldFormCreateUpdateDelete" classname="org.openmrs.api.FormServiceTest" time="0.016"/>
  <testcase name="getFormField_shouldNotFailWithNullIgnoreFormFieldsArgument" classname="org.openmrs.api.FormServiceTest" time="0"/>
  <testcase name="getFormByUuid_shouldFindObjectGivenValidUuid" classname="org.openmrs.api.FormServiceTest" time="0.005"/>
  <testcase name="getForm_shouldReturnNullIfFormNotFound" classname="org.openmrs.api.FormServiceTest" time="0.004"/>
  <testcase name="getFieldTypeByUuid_shouldReturnNullIfNoObjectFoundWithGivenUuid" classname="org.openmrs.api.FormServiceTest" time="0.006"/>
  <testcase name="saveForm_shouldThrowAnErrorWhenTryingToSaveANewFormWhileFormsAreLocked" classname="org.openmrs.api.FormServiceTest" time="0.005"/>
  <testcase name="saveForm_shouldUpdateAnExistingForm" classname="org.openmrs.api.FormServiceTest" time="0.009"/>
  <testcase name="shouldFieldCreateModifyDelete" classname="org.openmrs.api.FormServiceTest" time="0.047"/>
  <testcase name="getFormField_shouldSimplyReturnNullForNonexistentForms" classname="org.openmrs.api.FormServiceTest" time="0.003"/>
  <testcase name="getFormField_shouldIgnoreFormFieldsPassedToIgnoreFormFields" classname="org.openmrs.api.FormServiceTest" time="0.062"/>
  <testcase name="getForms_shouldReturnFormsThatHaveAnyMatchingFormFieldsInContainingAnyFormField" classname="org.openmrs.api.FormServiceTest" time="0.063"/>
  <testcase name="saveFormResource_shouldOverwriteAnExistingResourceWithSameName" classname="org.openmrs.api.FormServiceTest" time="0.008"/>
  <testcase name="duplicateForm_shouldThrowAnErrorWhenTryingToDuplicateFormWhileFormsAreLocked" classname="org.openmrs.api.FormServiceTest" time="0.005"/>
  <testcase name="saveFieldType_shouldUpdateExistingFieldType" classname="org.openmrs.api.FormServiceTest" time="0.008"/>
  <testcase name="saveFormField_shouldInjectFormFieldsFromSerializableComplexObsHandlers" classname="org.openmrs.api.FormServiceTest" time="0.037"/>
  <testcase name="purgeForm_shouldDeleteGivenFormSuccessfully" classname="org.openmrs.api.FormServiceTest" time="0.005"/>
  <testcase name="mergeDuplicateFields_shouldMergeDuplicateFieldsInFormFieldsAndThenPurgeTheDuplicateFields" classname="org.openmrs.api.FormServiceTest" time="0.069"/>
  <testcase name="getFieldByUuid_shouldReturnNullIfNoObjectFoundWithGivenUuid" classname="org.openmrs.api.FormServiceTest" time="0.003"/>
  <testcase name="saveForm_shouldThrowAnErrorWhenTryingToSaveAnExistingFormWhileFormsAreLocked" classname="org.openmrs.api.FormServiceTest" time="0.006"/>
  <testcase name="saveFormField_shouldPropagateSaveToTheFieldPropertyOnTheGivenFormField" classname="org.openmrs.api.FormServiceTest" time="0.003"/>
  <testcase name="getForm_shouldReturnFormIfFormFound" classname="org.openmrs.api.FormServiceTest" time="0.003"/>
  <testcase name="getForm_shouldReturnNullIfFormNotFoundWithNameOrVersion" classname="org.openmrs.api.FormServiceTest" time="0.004"/>
  <testcase name="getForm_shouldReturnFormIfFormFoundWithNameAndVersion" classname="org.openmrs.api.FormServiceTest" time="0.004"/>
  <testcase name="duplicateForm_shouldGiveANewUuidToTheDuplicatedForm" classname="org.openmrs.api.FormServiceTest" time="0.005"/>
  <testcase name="saveForm_shouldSaveGivenFormSuccessfully" classname="org.openmrs.api.FormServiceTest" time="0.004"/>
  <testcase name="getFieldByUuid_shouldFindObjectGivenValidUuid" classname="org.openmrs.api.FormServiceTest" time="0"/>
  <testcase name="getAllForms_shouldReturnAllFormsWithRetiredForms" classname="org.openmrs.api.FormServiceTest" time="0.003"/>
  <testcase name="getFormFieldByUuid_shouldFindObjectGivenValidUuid" classname="org.openmrs.api.FormServiceTest" time="0.005"/>
  <testcase name="getAllForms_shouldReturnAllFormsWithRetiredIfParameterMentionedAsTrue" classname="org.openmrs.api.FormServiceTest" time="0.003"/>
  <testcase name="getFormFieldByUuid_shouldReturnNullIfNoObjectFoundWithGivenUuid" classname="org.openmrs.api.FormServiceTest" time="0.002"/>
  <testcase name="saveFormResource_shouldPersistAFormResource" classname="org.openmrs.api.FormServiceTest" time="0.003"/>
  <testcase name="duplicateForm_shouldCopyResourcesForOldFormToNewForm" classname="org.openmrs.api.FormServiceTest" time="0.007"/>
  <testcase name="getForms_shouldReturnFormsContainingAllFormFieldsInContainingAllFormFields" classname="org.openmrs.api.FormServiceTest" time="0.06"/>
  <testcase name="getAllForms_shouldReturnAllForms" classname="org.openmrs.api.FormServiceTest" time="0.004"/>
  <testcase name="purgeForm_shouldThrowAnErrorWhenTryingToDeleteFormWhileFormsAreLocked" classname="org.openmrs.api.FormServiceTest" time="0.004"/>
  <testcase name="purgeFormResource_shouldDeleteAFormResource" classname="org.openmrs.api.FormServiceTest" time="0.005"/>
  <testcase name="getFieldAnswerByUuid_shouldReturnNullIfNoObjectFoundWithGivenUuid" classname="org.openmrs.api.FormServiceTest" time="0.005"/>
  <testcase name="getFieldTypeByUuid_shouldFindObjectGivenValidUuid" classname="org.openmrs.api.FormServiceTest" time="0.003"/>
  <testcase name="saveFormResource_shouldBeAbleToSaveAnXSLT" classname="org.openmrs.api.FormServiceTest" time="0.007"/>
  <testcase name="getAllForms_shouldReturnAllFormsWithOutRetiredIfParameterMentionedAsFalse" classname="org.openmrs.api.FormServiceTest" time="0.004"/>
  <testcase name="getFormField_shouldSimplyReturnNullForNonexistentConcepts" classname="org.openmrs.api.FormServiceTest" time="0.003"/>
  <testcase name="getForms_shouldReturnDuplicateFormWhenGivenFieldsIncludedInFormMultipleTimes" classname="org.openmrs.api.FormServiceTest" time="0.061"/>
  <testcase name="saveFieldType_shouldCreateNewFieldType" classname="org.openmrs.api.FormServiceTest" time="0.005"/>
  <testcase name="purgeForm_shouldDeleteFormResourcesForDeletedForm" classname="org.openmrs.api.FormServiceTest" time="0.007"/>
  <testcase name="getFormsContainingConcept_shouldGetAllFormsForConcept" classname="org.openmrs.api.FormServiceTest" time="0.009"/>
  <testcase name="duplicateForm_shouldClearChangedDetailsAndUpdateCreationDetails" classname="org.openmrs.api.FormServiceTest" time="0.008"/>
  <testcase name="duplicateForm_shouldDuplicateGivenFormSuccessfully" classname="org.openmrs.api.FormServiceTest" time="0.008"/>
</testsuite>