<?xml version="1.0" encoding="UTF-8"?>
<testsuite name="org.openmrs.api.db.hibernate.HibernatePersonDAOTest" time="7.66" tests="41" errors="0" skipped="0" failures="0">
  <properties>
[...]
</properties>
  <testcase name="getPeople_shouldGetNoOneByNonexistingNameAndNonsearchableAttribute" classname="org.openmrs.api.db.hibernate.HibernatePersonDAOTest" time="0.343"/>
  <testcase name="getPeople_shouldGetVoidedByVoidedNameWhenVoidedIsTrue" classname="org.openmrs.api.db.hibernate.HibernatePersonDAOTest" time="0.253"/>
  <testcase name="getPeople_shouldGetNoOneByNonexistingAttribute" classname="org.openmrs.api.db.hibernate.HibernatePersonDAOTest" time="0.243"/>
  <testcase name="getPeople_shouldGetMultiplePeopleByMiddleName" classname="org.openmrs.api.db.hibernate.HibernatePersonDAOTest" time="0.252"/>
  <testcase name="getPeople_shouldGetOnePersonByFamilyName" classname="org.openmrs.api.db.hibernate.HibernatePersonDAOTest" time="0.219"/>
  <testcase name="getPeople_shouldGetNoOneByVoidedAttribute" classname="org.openmrs.api.db.hibernate.HibernatePersonDAOTest" time="0.294"/>
  <testcase name="getPeople_shouldGetOnePersonBySearchingForAMixOfAttributeAndVoidedAttribute" classname="org.openmrs.api.db.hibernate.HibernatePersonDAOTest" time="0.204"/>
  <testcase name="getPeople_shouldGetOnePersonByName" classname="org.openmrs.api.db.hibernate.HibernatePersonDAOTest" time="0.203"/>
  <testcase name="getPeople_shouldGetOnePersonByGivenName" classname="org.openmrs.api.db.hibernate.HibernatePersonDAOTest" time="0.2"/>
  <testcase name="getPeople_shouldNotGetDeadPerson" classname="org.openmrs.api.db.hibernate.HibernatePersonDAOTest" time="0.156"/>
  <testcase name="getPeople_shouldGetMultiplePeopleByGivenName" classname="org.openmrs.api.db.hibernate.HibernatePersonDAOTest" time="0.17"/>
  <testcase name="getPeople_shouldNotGetVoided" classname="org.openmrs.api.db.hibernate.HibernatePersonDAOTest" time="0.29"/>
  <testcase name="getPeople_shouldGetSingleDeadPerson" classname="org.openmrs.api.db.hibernate.HibernatePersonDAOTest" time="0.166"/>
  <testcase name="getPeople_shouldGetNoOneByNonexistingNameAndNonexistingAttribute" classname="org.openmrs.api.db.hibernate.HibernatePersonDAOTest" time="0.158"/>
  <testcase name="getPeople_shouldObeyAttributeMatchMode" classname="org.openmrs.api.db.hibernate.HibernatePersonDAOTest" time="0.207"/>
  <testcase name="savePerson_shouldSavePersonWithBirthDateTime" classname="org.openmrs.api.db.hibernate.HibernatePersonDAOTest" time="0.156"/>
  <testcase name="getPeople_shouldGetNoOneByVoidedName" classname="org.openmrs.api.db.hibernate.HibernatePersonDAOTest" time="0.192"/>
  <testcase name="getPeople_shouldGetOnePersonByMultipleNameParts" classname="org.openmrs.api.db.hibernate.HibernatePersonDAOTest" time="0.178"/>
  <testcase name="getPeople_shouldGetMultipleDeadPeople" classname="org.openmrs.api.db.hibernate.HibernatePersonDAOTest" time="0.159"/>
  <testcase name="getPeople_shouldGetMultiplePeopleByMultipleNames" classname="org.openmrs.api.db.hibernate.HibernatePersonDAOTest" time="0.163"/>
  <testcase name="getPeople_shouldGetMultiplePeopleByFamilyName" classname="org.openmrs.api.db.hibernate.HibernatePersonDAOTest" time="0.212"/>
  <testcase name="getPeople_shouldGetNoOneByNonexistingName" classname="org.openmrs.api.db.hibernate.HibernatePersonDAOTest" time="0.145"/>
  <testcase name="getPeople_shouldGetOnePersonByNameAndAttribute" classname="org.openmrs.api.db.hibernate.HibernatePersonDAOTest" time="0.179"/>
  <testcase name="getPeople_shouldGetMultiplePeopleBySingleName" classname="org.openmrs.api.db.hibernate.HibernatePersonDAOTest" time="0.167"/>
  <testcase name="getPeople_shouldGetOnePersonByRandomCaseName" classname="org.openmrs.api.db.hibernate.HibernatePersonDAOTest" time="0.156"/>
  <testcase name="getPeople_shouldNotGetVoidedPerson" classname="org.openmrs.api.db.hibernate.HibernatePersonDAOTest" time="0.143"/>
  <testcase name="getPeople_shouldGetOnePersonByRandomCaseAttribute" classname="org.openmrs.api.db.hibernate.HibernatePersonDAOTest" time="0.155"/>
  <testcase name="getPeople_shouldGetMultiplePeopleByFamilyName2" classname="org.openmrs.api.db.hibernate.HibernatePersonDAOTest" time="0.151"/>
  <testcase name="getPeople_shouldGetNoOneByNull" classname="org.openmrs.api.db.hibernate.HibernatePersonDAOTest" time="0.145"/>
  <testcase name="getPeople_shouldGetEveryOneByEmptyStringIncludingVoided" classname="org.openmrs.api.db.hibernate.HibernatePersonDAOTest" time="0.195"/>
  <testcase name="getPeople_shouldGetMultiplePeopleBySingleAttribute" classname="org.openmrs.api.db.hibernate.HibernatePersonDAOTest" time="0.176"/>
  <testcase name="getPeople_shouldGetNoOneByNonsearchableAttribute" classname="org.openmrs.api.db.hibernate.HibernatePersonDAOTest" time="0.148"/>
  <testcase name="getPeople_shouldGetOnePersonByMiddleName" classname="org.openmrs.api.db.hibernate.HibernatePersonDAOTest" time="0.156"/>
  <testcase name="getPeople_shouldGetMultiplePeopleByMultipleAttributes" classname="org.openmrs.api.db.hibernate.HibernatePersonDAOTest" time="0.17"/>
  <testcase name="getPeople_shouldGetEveryOneExceptVoidedByEmptyString" classname="org.openmrs.api.db.hibernate.HibernatePersonDAOTest" time="0.188"/>
  <testcase name="getPeople_shouldGetNoOneByNonexistingNameAndVoidedAttribute" classname="org.openmrs.api.db.hibernate.HibernatePersonDAOTest" time="0.15"/>
  <testcase name="getPeople_shouldGetOnePersonByAttribute" classname="org.openmrs.api.db.hibernate.HibernatePersonDAOTest" time="0.178"/>
  <testcase name="getPeople_shouldGetOnePersonByNameAndVoidedAttribute" classname="org.openmrs.api.db.hibernate.HibernatePersonDAOTest" time="0.144"/>
  <testcase name="getPeople_shouldGetMultiplePeopleByMultipleNameParts" classname="org.openmrs.api.db.hibernate.HibernatePersonDAOTest" time="0.165"/>
  <testcase name="getPeople_shouldGetMultiplePeopleByNameAndAttribute" classname="org.openmrs.api.db.hibernate.HibernatePersonDAOTest" time="0.176"/>
  <testcase name="getPeople_shouldGetOnePersonByFamilyName2" classname="org.openmrs.api.db.hibernate.HibernatePersonDAOTest" time="0.155"/>
</testsuite>