<?xml version="1.0" encoding="UTF-8"?>
<testsuite name="org.openmrs.module.ModuleFileParserUnitTest" time="0.599" tests="73" errors="0" skipped="0" failures="0">
  <properties>
[...]
</properties>
  <testcase name="parse_shouldParseAwareOfModulesContainingDuplicatesAndKeepOnlyOneModule" classname="org.openmrs.module.ModuleFileParserUnitTest" time="0.012"/>
  <testcase name="parse_shouldIgnoreAdviceWithoutChildren" classname="org.openmrs.module.ModuleFileParserUnitTest" time="0.014"/>
  <testcase name="parse_shouldParsePrivilegeContainingElementsOtherThanNameAndDescription" classname="org.openmrs.module.ModuleFileParserUnitTest" time="0.009"/>
  <testcase name="parse_shouldParseMandatoryAfterSpecificConfigVersion" classname="org.openmrs.module.ModuleFileParserUnitTest" time="0.008"/>
  <testcase name="parse_shouldIgnoreExtensionWithExtensionIdSeparatorInPoint" classname="org.openmrs.module.ModuleFileParserUnitTest" time="0.009"/>
  <testcase name="parse_shouldFailIfModuleHasConfigWithEmptyModuleId" classname="org.openmrs.module.ModuleFileParserUnitTest" time="0.01"/>
  <testcase name="parse_shouldIgnoreGlobalPropertyWithDatatypeClassThatIsNotSubclassingCustomDatatype" classname="org.openmrs.module.ModuleFileParserUnitTest" time="0.007"/>
  <testcase name="parse_shouldParseRequireModulesContainingDuplicatesAndKeepOnlyTheLastOneRegardlessOfVersions" classname="org.openmrs.module.ModuleFileParserUnitTest" time="0.007"/>
  <testcase name="parse_shouldFailIfModuleHasConfigWithNoModuleName" classname="org.openmrs.module.ModuleFileParserUnitTest" time="0.008"/>
  <testcase name="moduleFileParserConstruction_shouldFailIfGivenNull" classname="org.openmrs.module.ModuleFileParserUnitTest" time="0.009"/>
  <testcase name="parse_shouldIgnoreAdviceOnlyContainingText" classname="org.openmrs.module.ModuleFileParserUnitTest" time="0.008"/>
  <testcase name="parse_shouldParseGlobalPropertyWithoutDescriptionElement" classname="org.openmrs.module.ModuleFileParserUnitTest" time="0.007"/>
  <testcase name="parse_shouldIgnoreExtensionWithoutClass" classname="org.openmrs.module.ModuleFileParserUnitTest" time="0.01"/>
  <testcase name="parse_shouldIgnoreExtensionWithoutPoint" classname="org.openmrs.module.ModuleFileParserUnitTest" time="0.008"/>
  <testcase name="parse_shouldParseRequireModulesContainingModuleWithoutVersionAttribute" classname="org.openmrs.module.ModuleFileParserUnitTest" time="0.007"/>
  <testcase name="parse_shouldIgnoreExtensionWithoutPointAndClass" classname="org.openmrs.module.ModuleFileParserUnitTest" time="0.009"/>
  <testcase name="parse_shouldParseConditionalResources" classname="org.openmrs.module.ModuleFileParserUnitTest" time="0.014"/>
  <testcase name="parse_shouldIgnoreGlobalPropertyWithoutChildren" classname="org.openmrs.module.ModuleFileParserUnitTest" time="0.01"/>
  <testcase name="parse_shouldParseGlobalPropertyContainingElementsNotIncludedInGlobalProperty" classname="org.openmrs.module.ModuleFileParserUnitTest" time="0.011"/>
  <testcase name="parse_shouldFailIfModuleHasConfigWithNoModuleId" classname="org.openmrs.module.ModuleFileParserUnitTest" time="0.007"/>
  <testcase name="parse_shouldIgnoreAdviceWithoutClass" classname="org.openmrs.module.ModuleFileParserUnitTest" time="0.009"/>
  <testcase name="parse_shouldIgnoreAdviceWithoutPoint" classname="org.openmrs.module.ModuleFileParserUnitTest" time="0.008"/>
  <testcase name="parse_shouldIgnorePrivilegeWithoutChildren" classname="org.openmrs.module.ModuleFileParserUnitTest" time="0.012"/>
  <testcase name="parse_shouldFailIfModuleFileCannotBeFound" classname="org.openmrs.module.ModuleFileParserUnitTest" time="0.008"/>
  <testcase name="parse_shouldParseConditionalResourcesEvenIfPathAndVersionAreMissing" classname="org.openmrs.module.ModuleFileParserUnitTest" time="0.007"/>
  <testcase name="parse_shouldFailIfModuleHasConfigWithNoPackageName" classname="org.openmrs.module.ModuleFileParserUnitTest" time="0.007"/>
  <testcase name="parse_shouldParseValidXmlConfigAndEmptyRequireModules" classname="org.openmrs.module.ModuleFileParserUnitTest" time="0.008"/>
  <testcase name="parse_shouldFailIfModuleHasConfigXmlInRootWhichCannotBeParsedBecauseOfInvalidXml" classname="org.openmrs.module.ModuleFileParserUnitTest" time="0.01"/>
  <testcase name="parse_shouldParseValidXmlAndIgnoreExternalEntitiesLikeDtd" classname="org.openmrs.module.ModuleFileParserUnitTest" time="0.01"/>
  <testcase name="parse_shouldFailIfConditionalResourcePathIsBlank" classname="org.openmrs.module.ModuleFileParserUnitTest" time="0.008"/>
  <testcase name="parse_shouldParseValidXmlConfig" classname="org.openmrs.module.ModuleFileParserUnitTest" time="0.011"/>
  <testcase name="parse_shouldIgnorePrivilegeWithoutName" classname="org.openmrs.module.ModuleFileParserUnitTest" time="0.007"/>
  <testcase name="parse_shouldParseGlobalPropertyAndTrimWhitespacesFromDescription" classname="org.openmrs.module.ModuleFileParserUnitTest" time="0.012"/>
  <testcase name="parse_shouldParseConditionalResourcesEvenIfPathIsMissing" classname="org.openmrs.module.ModuleFileParserUnitTest" time="0.013"/>
  <testcase name="parse_shouldParseMappingFiles" classname="org.openmrs.module.ModuleFileParserUnitTest" time="0.008"/>
  <testcase name="parse_shouldParseAdvice" classname="org.openmrs.module.ModuleFileParserUnitTest" time="0.008"/>
  <testcase name="parse_shouldIgnoreGlobalPropertyOnlyContainingText" classname="org.openmrs.module.ModuleFileParserUnitTest" time="0.007"/>
  <testcase name="parseFromInputstream_shouldParseValidXmlConfig" classname="org.openmrs.module.ModuleFileParserUnitTest" time="0.01"/>
  <testcase name="parse_shouldParseAwareOfModulesWithoutChildren" classname="org.openmrs.module.ModuleFileParserUnitTest" time="0.01"/>
  <testcase name="deprecatedParse_shouldFailIfParserWasCreatedWithNewConstructorAndModuleFileIsNull" classname="org.openmrs.module.ModuleFileParserUnitTest" time="0.005"/>
  <testcase name="parse_shouldParseAwareOfModulesOnlyContainingText" classname="org.openmrs.module.ModuleFileParserUnitTest" time="0.006"/>
  <testcase name="parse_shouldIgnorePackagesWithMappedClassesOnlyContainingWhitespaces" classname="org.openmrs.module.ModuleFileParserUnitTest" time="0.006"/>
  <testcase name="parse_shouldParseRequireModulesContainingMultipleChildren" classname="org.openmrs.module.ModuleFileParserUnitTest" time="0.008"/>
  <testcase name="parse_shouldParseExtensions" classname="org.openmrs.module.ModuleFileParserUnitTest" time="0.014"/>
  <testcase name="parse_shouldFailIfModuleHasNoConfigXmlInRoot" classname="org.openmrs.module.ModuleFileParserUnitTest" time="0.005"/>
  <testcase name="parse_shouldFailIfModuleHasConfigWithEmptyModuleName" classname="org.openmrs.module.ModuleFileParserUnitTest" time="0.007"/>
  <testcase name="parse_shouldParsePrivileges" classname="org.openmrs.module.ModuleFileParserUnitTest" time="0.009"/>
  <testcase name="parse_shouldIgnorePrivilegeOnlyContainingText" classname="org.openmrs.module.ModuleFileParserUnitTest" time="0.006"/>
  <testcase name="parse_shouldIgnoreMandatoryBeforeSpecificConfigVersion" classname="org.openmrs.module.ModuleFileParserUnitTest" time="0.008"/>
  <testcase name="parse_shouldIgnoreGlobalPropertyWithEmptyProperty" classname="org.openmrs.module.ModuleFileParserUnitTest" time="0.006"/>
  <testcase name="parse_shouldFailIfModuleFileHasInvalidExtension" classname="org.openmrs.module.ModuleFileParserUnitTest" time="0.006"/>
  <testcase name="parse_shouldParseRequireModulesByTakingTheFirstRequireModulesIfMultipleExist" classname="org.openmrs.module.ModuleFileParserUnitTest" time="0.007"/>
  <testcase name="parse_shouldParseConditionalResourcesWithWhitespace" classname="org.openmrs.module.ModuleFileParserUnitTest" time="0.007"/>
  <testcase name="parse_shouldIgnoreEmptyMandatory" classname="org.openmrs.module.ModuleFileParserUnitTest" time="0.007"/>
  <testcase name="parse_shouldFailIfMultipleConditionalResourcesTagsFound" classname="org.openmrs.module.ModuleFileParserUnitTest" time="0.007"/>
  <testcase name="parseInputStream_shouldFailFileIfInputStreamClosed" classname="org.openmrs.module.ModuleFileParserUnitTest" time="0.006"/>
  <testcase name="parse_shouldFailIfModuleHasConfigWithEmptyPackageName" classname="org.openmrs.module.ModuleFileParserUnitTest" time="0.007"/>
  <testcase name="parse_shouldParseMandatoryAtSpecificConfigVersion" classname="org.openmrs.module.ModuleFileParserUnitTest" time="0.007"/>
  <testcase name="parse_shouldParseMandatoryAndSetToFalse" classname="org.openmrs.module.ModuleFileParserUnitTest" time="0.006"/>
  <testcase name="parse_shouldParsePackagesWithMappedClasses" classname="org.openmrs.module.ModuleFileParserUnitTest" time="0.006"/>
  <testcase name="parse_shouldFailIfModuleHasConfigXmlInRootWhichCannotBeParsed" classname="org.openmrs.module.ModuleFileParserUnitTest" time="0.006"/>
  <testcase name="parse_shouldIgnoreGlobalPropertyWithDatatypeClassThatIsNotFound" classname="org.openmrs.module.ModuleFileParserUnitTest" time="0.008"/>
  <testcase name="parse_shouldFailIfModuleFileIsNull" classname="org.openmrs.module.ModuleFileParserUnitTest" time="0.009"/>
  <testcase name="parse_shouldParseAdviceContainingElementsOtherThanPointAndClass" classname="org.openmrs.module.ModuleFileParserUnitTest" time="0.008"/>
  <testcase name="parse_shouldIgnoreGlobalPropertyWithoutPropertyElement" classname="org.openmrs.module.ModuleFileParserUnitTest" time="0.012"/>
  <testcase name="parse_shouldIgnoreMappingFilesOnlyContainingWhitespaces" classname="org.openmrs.module.ModuleFileParserUnitTest" time="0.007"/>
  <testcase name="parse_shouldParseGlobalProperty" classname="org.openmrs.module.ModuleFileParserUnitTest" time="0.006"/>
  <testcase name="parse_shouldParseRequireModulesContainingModuleWithEmptyVersionAttribute" classname="org.openmrs.module.ModuleFileParserUnitTest" time="0.006"/>
  <testcase name="parse_shouldParseConditionalResourcesEvenIfVersionIsMissing" classname="org.openmrs.module.ModuleFileParserUnitTest" time="0.007"/>
  <testcase name="parse_shouldFailIfConditionalResourcesContainInvalidTags" classname="org.openmrs.module.ModuleFileParserUnitTest" time="0.006"/>
  <testcase name="parse_shouldParseAwareOfModulesContainingMultipleChildren" classname="org.openmrs.module.ModuleFileParserUnitTest" time="0.008"/>
  <testcase name="parse_shouldIgnorePrivilegeWithoutDescription" classname="org.openmrs.module.ModuleFileParserUnitTest" time="0.006"/>
  <testcase name="parse_shouldIgnoreExtensionOnlyContainingText" classname="org.openmrs.module.ModuleFileParserUnitTest" time="0.007"/>
</testsuite>