<?xml version="1.0" encoding="UTF-8"?>
<testsuite name="org.openmrs.api.PersonServiceTest" time="2.011" tests="143" errors="0" skipped="0" failures="0">
  <properties>
[...]
</properties>
  <testcase name="getPersonAttributeTypes_shouldReturnEmptyListWhenViewTypePatientAndViewing" classname="org.openmrs.api.PersonServiceTest" time="0.005"/>
  <testcase name="purgePersonAttributeType_shouldThrowAnErrorWhileTryingToDeletePersonAttributeTypeWhenPersonAttributeTypesAreLocked" classname="org.openmrs.api.PersonServiceTest" time="0.006"/>
  <testcase name="getSimilarPeople_shouldMatchThreeWordSearchToAnyNamePart" classname="org.openmrs.api.PersonServiceTest" time="0.047"/>
  <testcase name="getPersonNameById_shouldFindObjectGivenValidId" classname="org.openmrs.api.PersonServiceTest" time="0.004"/>
  <testcase name="unvoidPerson_shouldUnvoidTheGivenPerson" classname="org.openmrs.api.PersonServiceTest" time="0.053"/>
  <testcase name="parsePersonName_shouldNotFailWhenEndingWithAComma" classname="org.openmrs.api.PersonServiceTest" time="0.004"/>
  <testcase name="getPersonByUuid_shouldReturnNullIfNoObjectFoundWithGivenUuid" classname="org.openmrs.api.PersonServiceTest" time="0.006"/>
  <testcase name="saveRelationshipType_shouldCreateNewObjectWhenRelationshipTypeIdIsNull" classname="org.openmrs.api.PersonServiceTest" time="0.009"/>
  <testcase name="shouldUnretirePersonAttributeType" classname="org.openmrs.api.PersonServiceTest" time="0.024"/>
  <testcase name="retireRelationshipType_shouldFailIfGivenReasonIsEmptyString" classname="org.openmrs.api.PersonServiceTest" time="0.007"/>
  <testcase name="parsePersonName_shouldNotFailWhenEndingWithWhitespace" classname="org.openmrs.api.PersonServiceTest" time="0.003"/>
  <testcase name="voidPersonAddress_shouldVoidPersonAddressWithTheGivenReason" classname="org.openmrs.api.PersonServiceTest" time="0.03"/>
  <testcase name="getPersonNameById_shouldNotFindAnyObjectGivenInvalidId" classname="org.openmrs.api.PersonServiceTest" time="0.005"/>
  <testcase name="savePersonMergeLog_shouldSetCreatorIfNull" classname="org.openmrs.api.PersonServiceTest" time="0.035"/>
  <testcase name="getPersonAttributeTypeByUuid_shouldFindObjectGivenValidUuid" classname="org.openmrs.api.PersonServiceTest" time="0.009"/>
  <testcase name="getSimilarPeople_shouldMatchTwoWordSearchToAnyNamePart" classname="org.openmrs.api.PersonServiceTest" time="0.035"/>
  <testcase name="savePerson_shouldSetThePreferredNameAndAddressIfNoneIsSpecified" classname="org.openmrs.api.PersonServiceTest" time="0.007"/>
  <testcase name="getRelationships3_shouldFetchRelationshipsMatchingTheGivenRelType" classname="org.openmrs.api.PersonServiceTest" time="0.004"/>
  <testcase name="unvoidPerson_shouldUnvoidPatient" classname="org.openmrs.api.PersonServiceTest" time="0.044"/>
  <testcase name="getAllRelationships_shouldReturnAllRelationshipExcludingVoidedWhenIncludeVoidedEqualsFalse" classname="org.openmrs.api.PersonServiceTest" time="0.025"/>
  <testcase name="getRelationships2_shouldFetchRelationshipsMatchingTheGivenRelType" classname="org.openmrs.api.PersonServiceTest" time="0.004"/>
  <testcase name="getAllRelationshipTypes_shouldReturnAllRelationshipTypes" classname="org.openmrs.api.PersonServiceTest" time="0.023"/>
  <testcase name="getPersonAttributeTypes_shouldReturnListWithNullWhenGlobalPropertyNotExists" classname="org.openmrs.api.PersonServiceTest" time="0.005"/>
  <testcase name="shouldFailToRetirePersonAttributeTypeIfGivenReasonIsNull" classname="org.openmrs.api.PersonServiceTest" time="0.004"/>
  <testcase name="voidRelationship_shouldVoidRelationshipWithVoidReasonNullIfGivenRelationshipIsNotVoided" classname="org.openmrs.api.PersonServiceTest" time="0.005"/>
  <testcase name="getPersonAttributeByUuid_shouldFindObjectGivenValidUuid" classname="org.openmrs.api.PersonServiceTest" time="0.006"/>
  <testcase name="getRelationshipTypes_shouldReturnEmptyListWhenNoPreferredRelationshipTypeMatchTheGivenName" classname="org.openmrs.api.PersonServiceTest" time="0.003"/>
  <testcase name="getPersonAttributeByUuid_shouldReturnNullIfNoObjectFoundWithGivenUuid" classname="org.openmrs.api.PersonServiceTest" time="0.003"/>
  <testcase name="savePerson_shouldUpdateExistingObjectWhenPersonIdIsNotNull" classname="org.openmrs.api.PersonServiceTest" time="0.005"/>
  <testcase name="getPersonAddressByUuid_shouldReturnNullIfNoObjectFoundWithGivenUuid" classname="org.openmrs.api.PersonServiceTest" time="0.003"/>
  <testcase name="purgePersonAttributeType_shouldDeletePersonAttributeTypeFromDatabase" classname="org.openmrs.api.PersonServiceTest" time="0.005"/>
  <testcase name="savePersonAttributeType_shouldThrowAnErrorWhenTryingToSavePersonAttributeTypeWhilePersonAttributeTypesAreLocked" classname="org.openmrs.api.PersonServiceTest" time="0.005"/>
  <testcase name="unvoidPerson_shouldReturnNullwhenGivenNull" classname="org.openmrs.api.PersonServiceTest" time="0.002"/>
  <testcase name="getPersonAttributeTypes_shouldReturnAllPersonAttributeTypesWithViewTypeNull" classname="org.openmrs.api.PersonServiceTest" time="0.003"/>
  <testcase name="getRelationships3_shouldFetchRelationshipsThatWereActiveDuringTheSpecifiedDateRange" classname="org.openmrs.api.PersonServiceTest" time="0.1"/>
  <testcase name="getPersonMergeLogByUuid_shouldRequireUuid" classname="org.openmrs.api.PersonServiceTest" time="0.003"/>
  <testcase name="getRelationshipType_shouldReturnRelationshipTypeWithTheGivenRelationshipTypeId" classname="org.openmrs.api.PersonServiceTest" time="0.003"/>
  <testcase name="purgePerson_shouldDeletePersonFromTheDatabase" classname="org.openmrs.api.PersonServiceTest" time="0.004"/>
  <testcase name="getPersonAttributeTypes_shouldReturnPatientAttributesWhenGivenViewTypeListing" classname="org.openmrs.api.PersonServiceTest" time="0.005"/>
  <testcase name="voidPerson_shouldVoidPatient" classname="org.openmrs.api.PersonServiceTest" time="0.017"/>
  <testcase name="savePersonMergeLog_shouldRequireWinner" classname="org.openmrs.api.PersonServiceTest" time="0.003"/>
  <testcase name="saveRelationship_shouldThrowAPIException" classname="org.openmrs.api.PersonServiceTest" time="0.003"/>
  <testcase name="getPeople_shouldMatchSearchToFamilyName2" classname="org.openmrs.api.PersonServiceTest" time="0.113"/>
  <testcase name="getSimilarPeople_shouldAcceptGreaterThanThreeNames" classname="org.openmrs.api.PersonServiceTest" time="0.036"/>
  <testcase name="getPersonAttributeTypeByUuid_shouldReturnNullIfNoObjectFoundWithGivenUuid" classname="org.openmrs.api.PersonServiceTest" time="0.003"/>
  <testcase name="getRelationshipByUuid_shouldReturnNullIfNoObjectFoundWithGivenUuid" classname="org.openmrs.api.PersonServiceTest" time="0.006"/>
  <testcase name="getRelationshipTypeByName_shouldReturnNullWhenNoRelationshipTypeMatchTheGivenName" classname="org.openmrs.api.PersonServiceTest" time="0.004"/>
  <testcase name="getRelationshipTypeByUuid_shouldFindObjectGivenValidUuid" classname="org.openmrs.api.PersonServiceTest" time="0.005"/>
  <testcase name="retireRelationshipType_shouldRetireGivenRelationshipType" classname="org.openmrs.api.PersonServiceTest" time="0.004"/>
  <testcase name="getAllRelationships_shouldReturnAllRelationshipIncludingVoidedWhenIncludeVoidedEqualsTrue" classname="org.openmrs.api.PersonServiceTest" time="0.022"/>
  <testcase name="getPersonAttributeTypeByName_shouldReturnNullWhenNoPersonAttributeTypeMatchGivenTypeName" classname="org.openmrs.api.PersonServiceTest" time="0.004"/>
  <testcase name="parsePersonName_shouldParseTwoPersonNameWithoutComma" classname="org.openmrs.api.PersonServiceTest" time="0.003"/>
  <testcase name="getPersonAttributeTypes_shouldReturnPersonAttributeTypesMatchingGivenParameters" classname="org.openmrs.api.PersonServiceTest" time="0.016"/>
  <testcase name="getRelationshipsByPerson_shouldFetchUnvoidedRelationshipsOnly" classname="org.openmrs.api.PersonServiceTest" time="0.022"/>
  <testcase name="getRelationshipsByPerson2_shouldFetchUnvoidedRelationshipsOnly" classname="org.openmrs.api.PersonServiceTest" time="0.022"/>
  <testcase name="getRelationshipMap_shouldReturnEmptyMapWhenNoRelationshipHasTheMatchingRelationshipType" classname="org.openmrs.api.PersonServiceTest" time="0.029"/>
  <testcase name="savePersonMergeLog_shouldRequireLoser" classname="org.openmrs.api.PersonServiceTest" time="0.002"/>
  <testcase name="getPersonAttributeTypes_shouldReturnEmptyListWhenNoPersonAttributeTypesMatchGivenParameters" classname="org.openmrs.api.PersonServiceTest" time="0.013"/>
  <testcase name="getAllPersonAttributeTypes_shouldReturnAllPersonAttributeTypesExcludingRetiredWhenIncludeRetiredIsFalse" classname="org.openmrs.api.PersonServiceTest" time="0.013"/>
  <testcase name="getRelationshipsByPerson2_shouldFetchRelationshipsAssociatedWithTheGivenPerson" classname="org.openmrs.api.PersonServiceTest" time="0.005"/>
  <testcase name="getRelationships3_shouldFetchRelationshipsMatchingTheGivenToPerson" classname="org.openmrs.api.PersonServiceTest" time="0.009"/>
  <testcase name="getAllPersonMergeLogs_shouldRetrieveAllPersonMergeLogsAndDeserializeThem" classname="org.openmrs.api.PersonServiceTest" time="0.018"/>
  <testcase name="getAllPersonAttributeTypes_shouldReturnAllPersonAttributeTypesIncludingRetiredWhenIncludeRetiredIsTrue" classname="org.openmrs.api.PersonServiceTest" time="0.014"/>
  <testcase name="getPersonAttribute_shouldReturnNullWhenGivenIdDoesNotExist" classname="org.openmrs.api.PersonServiceTest" time="0.003"/>
  <testcase name="getRelationships2_shouldFetchRelationshipsMatchingTheGivenFromPerson" classname="org.openmrs.api.PersonServiceTest" time="0.004"/>
  <testcase name="voidPerson_shouldReturnNullwhenGivenNull" classname="org.openmrs.api.PersonServiceTest" time="0.002"/>
  <testcase name="savePerson_shouldNotSetAVoidedNameOrAddressAsPreferred" classname="org.openmrs.api.PersonServiceTest" time="0.007"/>
  <testcase name="savePersonName_shouldFailIfYouTryToVoidTheLastNonVoidedName" classname="org.openmrs.api.PersonServiceTest" time="0.035"/>
  <testcase name="unvoidPersonName_shouldUnvoidVoidedPersonName" classname="org.openmrs.api.PersonServiceTest" time="0.026"/>
  <testcase name="getRelationships2_shouldFetchRelationshipsMatchingTheGivenToPerson" classname="org.openmrs.api.PersonServiceTest" time="0.006"/>
  <testcase name="savePersonMergeLog_shouldRequirePersonMergeLogData" classname="org.openmrs.api.PersonServiceTest" time="0.003"/>
  <testcase name="getRelationships_shouldFetchRelationshipsMatchingTheGivenToPerson" classname="org.openmrs.api.PersonServiceTest" time="0.005"/>
  <testcase name="getWinningPersonMergeLogs_shouldRetrievePersonMergeLogsByWinner" classname="org.openmrs.api.PersonServiceTest" time="0.014"/>
  <testcase name="getPerson_shouldReturnNullWhenPersonNull" classname="org.openmrs.api.PersonServiceTest" time="0.003"/>
  <testcase name="getPersonAttributeTypes_shouldReturnEmptyListWhenViewTypeListingAndPerson" classname="org.openmrs.api.PersonServiceTest" time="0.003"/>
  <testcase name="getPersonAttribute_shouldReturnPersonAttributeWhenGivenIdDoesExist" classname="org.openmrs.api.PersonServiceTest" time="0.002"/>
  <testcase name="purgeRelationshipType_shouldDeleteRelationshipTypeFromTheDatabase" classname="org.openmrs.api.PersonServiceTest" time="0.004"/>
  <testcase name="shouldRetirePersonAttributeType" classname="org.openmrs.api.PersonServiceTest" time="0.003"/>
  <testcase name="getPersonAttributeTypes_shouldReturnNothingWhenGlobalPropertyLargerNineExists" classname="org.openmrs.api.PersonServiceTest" time="0.018"/>
  <testcase name="saveRelationshipType_shouldUpdateExistingObjectWhenRelationshipTypeIdIsNotNull" classname="org.openmrs.api.PersonServiceTest" time="0.004"/>
  <testcase name="voidPerson_shouldReturnVoidedPersonWithGivenReason" classname="org.openmrs.api.PersonServiceTest" time="0.043"/>
  <testcase name="shouldFailToRetirePersonAttributeTypeIfGivenReasonIsEmpty" classname="org.openmrs.api.PersonServiceTest" time="0.004"/>
  <testcase name="saveRelationship_shouldCreateNewObjectWhenRelationshipIdIsNull" classname="org.openmrs.api.PersonServiceTest" time="0.005"/>
  <testcase name="getRelationship_shouldReturnRelationshipWithGivenId" classname="org.openmrs.api.PersonServiceTest" time="0.003"/>
  <testcase name="getAllRelationships_shouldReturnAllUnvoidedRelationships" classname="org.openmrs.api.PersonServiceTest" time="0.022"/>
  <testcase name="retireRelationshipType_shouldFailIfGivenReasonIsNull" classname="org.openmrs.api.PersonServiceTest" time="0.003"/>
  <testcase name="getPersonNameByUuid_shouldFindObjectGivenValidUuid" classname="org.openmrs.api.PersonServiceTest" time="0.003"/>
  <testcase name="savePersonAttributeType_shouldSetTheDateChangedAndChangedByOnUpdate" classname="org.openmrs.api.PersonServiceTest" time="0.02"/>
  <testcase name="savePersonAttributeType_shouldUpdateAnyGlobalPropertyWhichReferenceThisType" classname="org.openmrs.api.PersonServiceTest" time="0.034"/>
  <testcase name="getRelationshipTypes_shouldReturnEmptyListWhenNoRelationshipTypeMatchTheSearchString" classname="org.openmrs.api.PersonServiceTest" time="0.003"/>
  <testcase name="getRelationships3_shouldFetchRelationshipsMatchingTheGivenFromPerson" classname="org.openmrs.api.PersonServiceTest" time="0.006"/>
  <testcase name="getPersonMergeLogByUuid_shouldRetrievePersonMergeLogWithoutDeserializingData" classname="org.openmrs.api.PersonServiceTest" time="0.007"/>
  <testcase name="getRelationshipsByPerson_shouldOnlyGetUnvoidedRelationshipsRegardlessOfEffectiveDate" classname="org.openmrs.api.PersonServiceTest" time="0.079"/>
  <testcase name="parsePersonName_shouldParseFourPersonName" classname="org.openmrs.api.PersonServiceTest" time="0.003"/>
  <testcase name="getRelationshipsByPerson_shouldFetchRelationshipsAssociatedWithTheGivenPerson" classname="org.openmrs.api.PersonServiceTest" time="0.006"/>
  <testcase name="getSimilarPeople_shouldMatchSearchToFamilyName2" classname="org.openmrs.api.PersonServiceTest" time="0.055"/>
  <testcase name="getPersonAttributeTypes_shouldReturnPatientAttributesWhenViewTypeViewingAndPatient" classname="org.openmrs.api.PersonServiceTest" time="0.005"/>
  <testcase name="getRelationships_shouldFetchRelationshipsMatchingTheGivenFromPerson" classname="org.openmrs.api.PersonServiceTest" time="0.006"/>
  <testcase name="saveRelationshipType_shouldFailIfTheDescriptionIsNotSpecified" classname="org.openmrs.api.PersonServiceTest" time="0.003"/>
  <testcase name="getRelationships3_shouldReturnEmptyListWhenNoRelationshipMatchingGivenParametersExist" classname="org.openmrs.api.PersonServiceTest" time="0.006"/>
  <testcase name="getRelationshipTypes_shouldReturnListOfPreferredRelationshipTypeMatchingGivenName" classname="org.openmrs.api.PersonServiceTest" time="0.023"/>
  <testcase name="savePersonMergeLog_shouldSerializePersonMergeLogData" classname="org.openmrs.api.PersonServiceTest" time="0.005"/>
  <testcase name="voidRelationship_shouldVoidRelationshipAndSetVoidedByToGivenUserIfGivenRelationshipIsNotVoided" classname="org.openmrs.api.PersonServiceTest" time="0.005"/>
  <testcase name="getRelationshipsByPerson_shouldOnlyGetUnvoidedRelationships" classname="org.openmrs.api.PersonServiceTest" time="0.077"/>
  <testcase name="unvoidPerson_shouldNotUnretireUsers" classname="org.openmrs.api.PersonServiceTest" time="0.052"/>
  <testcase name="savePersonMergeLog_shouldSetDateCreatedIfNull" classname="org.openmrs.api.PersonServiceTest" time="0.005"/>
  <testcase name="getPersonAttributeTypes_shouldReturnEmptyListWithViewTypeListing" classname="org.openmrs.api.PersonServiceTest" time="0.003"/>
  <testcase name="getRelationships2_shouldReturnEmptyListWhenNoRelationshipMatchingGivenParametersExist" classname="org.openmrs.api.PersonServiceTest" time="0.01"/>
  <testcase name="unvoidRelationship_shouldUnvoidVoidedRelationship" classname="org.openmrs.api.PersonServiceTest" time="0.006"/>
  <testcase name="getPersonAttributeTypes_shouldReturnUserAttributesWhenViewTypeHeaderAndUser" classname="org.openmrs.api.PersonServiceTest" time="0.005"/>
  <testcase name="savePerson_shouldNotSetThePreferredNameAndAddressIfTheyAlreadyExist" classname="org.openmrs.api.PersonServiceTest" time="0.006"/>
  <testcase name="purgeRelationship_shouldDeleteRelationshipFromTheDatabase" classname="org.openmrs.api.PersonServiceTest" time="0.003"/>
  <testcase name="voidRelationship_shouldVoidRelationshipIfGivenRelationshipIsNotVoided" classname="org.openmrs.api.PersonServiceTest" time="0.003"/>
  <testcase name="getAllPersonAttributeTypes_shouldReturnAllPersonAttributeTypesIncludingRetired" classname="org.openmrs.api.PersonServiceTest" time="0.014"/>
  <testcase name="getAllPersonMergeLogs_shouldRetrieveAllPersonMergeLogsFromTheModel" classname="org.openmrs.api.PersonServiceTest" time="0.005"/>
  <testcase name="getRelationshipsByPerson_shouldFetchRelationshipsThatWereActiveDuringEffectiveDate" classname="org.openmrs.api.PersonServiceTest" time="0.084"/>
  <testcase name="getPersonAddressByUuid_shouldFindObjectGivenValidUuid" classname="org.openmrs.api.PersonServiceTest" time="0.004"/>
  <testcase name="shouldFailToRetirePersonAttributeTypeWhilePersonAttributeTypesAreLocked" classname="org.openmrs.api.PersonServiceTest" time="0.005"/>
  <testcase name="getPersonAttributeType_shouldReturnNullWhenNoPersonAttributeWithTheGivenIdExist" classname="org.openmrs.api.PersonServiceTest" time="0.003"/>
  <testcase name="saveRelationship_shouldUpdateExistingObjectWhenRelationshipIdIsNotNull" classname="org.openmrs.api.PersonServiceTest" time="0.007"/>
  <testcase name="getLosingPersonMergeLog_shouldFindPersonMergeLogByLoser" classname="org.openmrs.api.PersonServiceTest" time="0.01"/>
  <testcase name="getSimilarPeople_shouldMatchSingleSearchToAnyNamePart" classname="org.openmrs.api.PersonServiceTest" time="0.032"/>
  <testcase name="getPerson_shouldReturnNullWhenNoPersonHasTheGivenId" classname="org.openmrs.api.PersonServiceTest" time="0.004"/>
  <testcase name="savePersonMergeLog_shouldSavePersonMergeLog" classname="org.openmrs.api.PersonServiceTest" time="0.005"/>
  <testcase name="getPersonAttributeTypeByName_shouldReturnPersonAttributeTypeWhenNameMatchesGivenTypeName" classname="org.openmrs.api.PersonServiceTest" time="0.003"/>
  <testcase name="getPersonMergeLogByUuid_shouldRetrievePersonMergeLogAndDeserializeData" classname="org.openmrs.api.PersonServiceTest" time="0.006"/>
  <testcase name="getPersonAttributeTypes_shouldReturnUserAndPatientAttributesWhenViewTypeListiningAndPerson" classname="org.openmrs.api.PersonServiceTest" time="0.005"/>
  <testcase name="savePersonAttributeType_shouldSetTheDateCreatedAndCreatorOnNew" classname="org.openmrs.api.PersonServiceTest" time="0.005"/>
  <testcase name="voidPerson_shouldRetireUsers" classname="org.openmrs.api.PersonServiceTest" time="0.03"/>
  <testcase name="parsePersonName_shouldParseTwoPersonNameWithComma" classname="org.openmrs.api.PersonServiceTest" time="0.003"/>
  <testcase name="unvoidPersonAddress_shouldUnvoidVoidedpersonAddress" classname="org.openmrs.api.PersonServiceTest" time="0.036"/>
  <testcase name="getRelationships_shouldFetchRelationshipsMatchingTheGivenRelType" classname="org.openmrs.api.PersonServiceTest" time="0.004"/>
  <testcase name="getPersonByUuid_shouldFindObjectGivenValidUuid" classname="org.openmrs.api.PersonServiceTest" time="0.004"/>
  <testcase name="unretirePersonAttributeType_shouldThrowAnErrorWhenTryingToUnretirePersonAttributeTypeWhilePersonAttributeTypesAreLocked" classname="org.openmrs.api.PersonServiceTest" time="0.005"/>
  <testcase name="getRelationshipTypeByUuid_shouldReturnNullIfNoObjectFoundWithGivenUuid" classname="org.openmrs.api.PersonServiceTest" time="0.003"/>
  <testcase name="getRelationship_shouldReturnNullWhenRelationshipWithGivenIdDoesNotExist" classname="org.openmrs.api.PersonServiceTest" time="0.003"/>
  <testcase name="unretireRelationshipType_shouldRetireGivenRelationshipType" classname="org.openmrs.api.PersonServiceTest" time="0.005"/>
  <testcase name="getRelationshipByUuid_shouldFindObjectGivenValidUuid" classname="org.openmrs.api.PersonServiceTest" time="0.004"/>
  <testcase name="getPersonNameByUuid_shouldReturnNullIfNoObjectFoundWithGivenUuid" classname="org.openmrs.api.PersonServiceTest" time="0.003"/>
  <testcase name="voidPersonName_shouldVoidPersonNameWithTheGivenReason" classname="org.openmrs.api.PersonServiceTest" time="0.026"/>
  <testcase name="getRelationships2_shouldFetchRelationshipsThatWereActiveDuringEffectiveDate" classname="org.openmrs.api.PersonServiceTest" time="0.085"/>
  <testcase name="savePerson_shouldCreateNewObjectWhenPersonIdIsNull" classname="org.openmrs.api.PersonServiceTest" time="0.005"/>
  <testcase name="getRelationshipType_shouldReturnNullWhenNoRelationshipTypeMatchesGivenRelationshipTypeId" classname="org.openmrs.api.PersonServiceTest" time="0.003"/>
</testsuite>