<?xml version="1.0" encoding="UTF-8"?>
<testsuite name="org.openmrs.api.impl.ConceptServiceImplTest" time="0.435" tests="55" errors="0" skipped="0" failures="0">
  <properties>
[...]
</properties>
  <testcase name="getLocalesOfConceptNames_shouldReturnAListOfMatchingLocales" classname="org.openmrs.api.impl.ConceptServiceImplTest" time="0.007"/>
  <testcase name="purgeConceptSource_shouldPurgetTheGivenConceptSource" classname="org.openmrs.api.impl.ConceptServiceImplTest" time="0.004"/>
  <testcase name="unretireDrug_shouldNotChangeAttributesOfDrugThatIsAlreadyNotRetired" classname="org.openmrs.api.impl.ConceptServiceImplTest" time="0.01"/>
  <testcase name="getAllConceptProposals_shouldReturnAllConceptProposalsExcludingRetiredOnesWhenGivenFalse" classname="org.openmrs.api.impl.ConceptServiceImplTest" time="0.004"/>
  <testcase name="getAllDrugs_shouldReturnAllDrugsIncludingRetiredOnesIfGivenTrue" classname="org.openmrs.api.impl.ConceptServiceImplTest" time="0.005"/>
  <testcase name="getCountOfDrugs_shouldReturnTheTotalNumberOfMatchingNumbers" classname="org.openmrs.api.impl.ConceptServiceImplTest" time="0.011"/>
  <testcase name="purgeDrug_shouldPurgeTheGivenDrug" classname="org.openmrs.api.impl.ConceptServiceImplTest" time="0.006"/>
  <testcase name="getAllConceptClasses_shouldReturnAllConceptClassesExcludingRetiredOnesWhenGivenFalse" classname="org.openmrs.api.impl.ConceptServiceImplTest" time="0.004"/>
  <testcase name="getAllDrugs_shouldReturnAllDrugsExcludingRetiredOnesIfGivenFalse" classname="org.openmrs.api.impl.ConceptServiceImplTest" time="0.003"/>
  <testcase name="getDrug_shouldReturnTheMatchingDrugObject" classname="org.openmrs.api.impl.ConceptServiceImplTest" time="0.004"/>
  <testcase name="purgeConceptReferenceTerm_shouldPurgeTheGivenConceptReferenceTerm" classname="org.openmrs.api.impl.ConceptServiceImplTest" time="0.005"/>
  <testcase name="getSetsContainingConcept_shouldGiveAnEmptyListIfConceptIdIsNull" classname="org.openmrs.api.impl.ConceptServiceImplTest" time="0.004"/>
  <testcase name="purgeConceptClass_shouldDeleteTheGivenConceptClass" classname="org.openmrs.api.impl.ConceptServiceImplTest" time="0.006"/>
  <testcase name="getMaxConceptId_shouldGiveTheMaximumConceptId" classname="org.openmrs.api.impl.ConceptServiceImplTest" time="0.006"/>
  <testcase name="getAllConceptClasses_shouldReturnAListOfAllConceptClasses" classname="org.openmrs.api.impl.ConceptServiceImplTest" time="0.005"/>
  <testcase name="retireDrug_shouldRetireTheGivenDrug" classname="org.openmrs.api.impl.ConceptServiceImplTest" time="0.005"/>
  <testcase name="saveConcept_shouldReturnTheConceptWithSameConceptIDIfUpdatingExistingConcept" classname="org.openmrs.api.impl.ConceptServiceImplTest" time="0.03"/>
  <testcase name="getConceptReferenceTermByName_shouldReturnNullIfNoConceptReferenceTermIsFound" classname="org.openmrs.api.impl.ConceptServiceImplTest" time="0"/>
  <testcase name="getAllConceptSources_shouldReturnAllConceptSourcesExcludingRetiredOnesWhenGivenFalse" classname="org.openmrs.api.impl.ConceptServiceImplTest" time="0.009"/>
  <testcase name="purgeConceptProposal_shouldPurgeTheGivenConceptProposal" classname="org.openmrs.api.impl.ConceptServiceImplTest" time="0.005"/>
  <testcase name="getConcepts_shouldGiveAListOfConceptSearchResultForTheMatchingConcepts" classname="org.openmrs.api.impl.ConceptServiceImplTest" time="0.021"/>
  <testcase name="saveConcept_shouldReturnTheConceptWithNewConceptIDIfCreatingNewConcept" classname="org.openmrs.api.impl.ConceptServiceImplTest" time="0.016"/>
  <testcase name="saveConcept_shouldForceSetFlagIfSetMembersExist" classname="org.openmrs.api.impl.ConceptServiceImplTest" time="0.021"/>
  <testcase name="getSetsContainingConcept_shouldGiveAListOfConceptSetContainingTheGivenConcept" classname="org.openmrs.api.impl.ConceptServiceImplTest" time="0.015"/>
  <testcase name="findConceptAnswers_shouldReturnAListOfAllMatchingConceptSearchResults" classname="org.openmrs.api.impl.ConceptServiceImplTest" time="0.014"/>
  <testcase name="getAllConceptClasses_shouldReturnAllConceptClassesIncludingRetiredOnesWhenGivenTrue" classname="org.openmrs.api.impl.ConceptServiceImplTest" time="0.009"/>
  <testcase name="getPrevConcept_shouldReturnTheConceptPreviousToTheGivenConcept" classname="org.openmrs.api.impl.ConceptServiceImplTest" time="0.005"/>
  <testcase name="purgeConceptMapType_shouldDeleteTheSpecifiedConceptMapTypeFromTheDatabase" classname="org.openmrs.api.impl.ConceptServiceImplTest" time="0.008"/>
  <testcase name="getAllConceptNameTags_shouldReturnAListOfAllConceptNameTags" classname="org.openmrs.api.impl.ConceptServiceImplTest" time="0.01"/>
  <testcase name="saveConcept_shouldLeavePreferredNamePreferredIfSet" classname="org.openmrs.api.impl.ConceptServiceImplTest" time="0.009"/>
  <testcase name="getConceptsByAnswer_shouldReturnAnEmptyListIfConceptIdIsNull" classname="org.openmrs.api.impl.ConceptServiceImplTest" time="0.004"/>
  <testcase name="getAllConceptDatatypes_shouldGiveAListOfAllConceptDataypes" classname="org.openmrs.api.impl.ConceptServiceImplTest" time="0.008"/>
  <testcase name="saveConcept_shouldSetDefaultPreferredNameToFullySpecifiedFirst" classname="org.openmrs.api.impl.ConceptServiceImplTest" time="0.022"/>
  <testcase name="saveConcept_shouldNotSetDefaultPreferredNameToShortOrIndexTerms" classname="org.openmrs.api.impl.ConceptServiceImplTest" time="0.006"/>
  <testcase name="getDrug_shouldReturnNullIfNoMatchingDrugIsFound" classname="org.openmrs.api.impl.ConceptServiceImplTest" time="0.004"/>
  <testcase name="purgeConceptReferenceTerm_shouldFailIfGivenConceptReferenceTermIsInUse" classname="org.openmrs.api.impl.ConceptServiceImplTest" time="0.005"/>
  <testcase name="getAllConceptSources_shouldReturnAllConceptSourcesIncludingRetiredOnesWhenGivenTrue" classname="org.openmrs.api.impl.ConceptServiceImplTest" time="0.005"/>
  <testcase name="getAllConceptDatatypes_shouldReturnAllConceptDataypesExcludingRetiredOnesWhenGivenFalse" classname="org.openmrs.api.impl.ConceptServiceImplTest" time="0.004"/>
  <testcase name="saveConcept_shouldTrimWhitespacesInConceptName" classname="org.openmrs.api.impl.ConceptServiceImplTest" time="0.008"/>
  <testcase name="purgeConcept_shouldPurgeTheConceptIfNotBeingUsedByAnObs" classname="org.openmrs.api.impl.ConceptServiceImplTest" time="0.006"/>
  <testcase name="getNextConcept_shouldReturnTheConceptNextToTheGivenConcept" classname="org.openmrs.api.impl.ConceptServiceImplTest" time="0.005"/>
  <testcase name="unretireDrug_shouldMarkDrugAsNotRetired" classname="org.openmrs.api.impl.ConceptServiceImplTest" time="0.009"/>
  <testcase name="retireConcept_shouldRetireTheGivenConcept" classname="org.openmrs.api.impl.ConceptServiceImplTest" time="0.006"/>
  <testcase name="getOrderableConcepts_shouldReturnAnEmptyListIfNoConceptSearchResultIsFound" classname="org.openmrs.api.impl.ConceptServiceImplTest" time="0.013"/>
  <testcase name="retireConcept_shouldFailIfNoReasonIsGiven" classname="org.openmrs.api.impl.ConceptServiceImplTest" time="0.006"/>
  <testcase name="getConceptsWithDrugsInFormulary_shouldGiveAListOfAllMatchingConcepts" classname="org.openmrs.api.impl.ConceptServiceImplTest" time="0.009"/>
  <testcase name="saveConcept_shouldSetDefaultPreferredNameToASynonymSecond" classname="org.openmrs.api.impl.ConceptServiceImplTest" time="0.008"/>
  <testcase name="mapConceptProposalToConcept_shouldThrowAPIExceptionWhenMappingToNullConcept" classname="org.openmrs.api.impl.ConceptServiceImplTest" time="0.005"/>
  <testcase name="getAllDrugs_shouldReturnAListOfAllDrugs" classname="org.openmrs.api.impl.ConceptServiceImplTest" time="0.004"/>
  <testcase name="getAllConceptDatatypes_shouldReturnAllConceptDataypesIncludingRetiredOnesWhenGivenTrue" classname="org.openmrs.api.impl.ConceptServiceImplTest" time="0.004"/>
  <testcase name="getDrugs_shouldReturnListOfMatchingDrugs" classname="org.openmrs.api.impl.ConceptServiceImplTest" time="0.016"/>
  <testcase name="getDrugsByIngredient_shouldRaiseExceptionIfNoConceptIsGiven" classname="org.openmrs.api.impl.ConceptServiceImplTest" time="0.004"/>
  <testcase name="getSetsContainingConcept_shouldGiveAnEmptyListIfNoMatchingConceptSetIsFound" classname="org.openmrs.api.impl.ConceptServiceImplTest" time="0.003"/>
  <testcase name="getAllConceptProposals_shouldReturnAllConceptProposalsIncludingRetiredOnesWhenGivenTrue" classname="org.openmrs.api.impl.ConceptServiceImplTest" time="0.004"/>
  <testcase name="saveConceptClass_shouldSaveTheGivenConceptClass" classname="org.openmrs.api.impl.ConceptServiceImplTest" time="0.006"/>
</testsuite>