<?xml version="1.0" encoding="UTF-8"?>
<testsuite name="org.openmrs.util.NaturalStringsTest" time="0.008" tests="40" errors="0" skipped="0" failures="0">
  <properties>
[...]
</properties>
  <testcase name="compareNaturalAscii_sameDigitPrefixedWithMoreZerosComparedToSameDigitPrefixedWithLessZeros_shouldBeBigger" classname="org.openmrs.util.NaturalStringsTest" time="0.001"/>
  <testcase name="compareNatural_firstStringHasLowerLetterThanSecondStringAtTheSamePositionAfterDigit_shouldBeSmaller" classname="org.openmrs.util.NaturalStringsTest" time="0"/>
  <testcase name="compareNatural_stringWithLettersComparedToStringStartingWithLetterAndHavingDigit_shouldBeBigger" classname="org.openmrs.util.NaturalStringsTest" time="0"/>
  <testcase name="compareNaturalAscii_twoSameOneLetterStrings_shouldBeEqual" classname="org.openmrs.util.NaturalStringsTest" time="0"/>
  <testcase name="compareNaturalIgnoreCaseAscii_characterStringsWithLowerCapitalizedLetters_shouldBeSmaller" classname="org.openmrs.util.NaturalStringsTest" time="0"/>
  <testcase name="compareNaturalAscii_nonEmptyDigitStringComparedToStringWithOnlyZeros_shouldBeBigger" classname="org.openmrs.util.NaturalStringsTest" time="0"/>
  <testcase name="compareNaturalAscii_bothStringsAreSingleZeroDigit_shouldBeEqual" classname="org.openmrs.util.NaturalStringsTest" time="0"/>
  <testcase name="compareNaturalAscii_firstDigitStringHasDigitAtTheSamePositionThatOtherStringHasLetter_shouldBeBigger" classname="org.openmrs.util.NaturalStringsTest" time="0"/>
  <testcase name="compareNaturalAscii_emptyStringComparedToNonEmptyString_shouldBeSmaller" classname="org.openmrs.util.NaturalStringsTest" time="0"/>
  <testcase name="compareNaturalAscii_firstDigitStringHasSmallerNumberBeforeSameLetterInBothStrings_shouldBeSmaller" classname="org.openmrs.util.NaturalStringsTest" time="0"/>
  <testcase name="compareNaturalAscii_twoSameTwoLettersStrings_shouldBeEqual" classname="org.openmrs.util.NaturalStringsTest" time="0"/>
  <testcase name="compareNaturalAscii_firstStringHasHigherDigitInTheMiddleAndHasMoreDigitsAtTheEndThanOtherString_shouldBeBigger" classname="org.openmrs.util.NaturalStringsTest" time="0"/>
  <testcase name="compareNaturalAscii_stringOfOnlyZerosComparedToNonEmptyDigitString_shouldBeSmaller" classname="org.openmrs.util.NaturalStringsTest" time="0"/>
  <testcase name="compareNaturalAscii_firstStringHasHigherDigitInTheMiddleAndEndsWithAdditionalLetter_shouldBeBigger" classname="org.openmrs.util.NaturalStringsTest" time="0"/>
  <testcase name="compareNaturalAscii_sameDigitPrefixedWithLessZerosComparedToSameDigitPrefixedWithMoreZeros_shouldBeSmaller" classname="org.openmrs.util.NaturalStringsTest" time="0"/>
  <testcase name="compareNaturalAscii_bothStringsAreTwoZeros_shouldBeEqual" classname="org.openmrs.util.NaturalStringsTest" time="0"/>
  <testcase name="compareNaturalIgnoreCaseAscii_characterStringsWithLowerLetter_shouldBeSmaller" classname="org.openmrs.util.NaturalStringsTest" time="0"/>
  <testcase name="compareNaturalAscii_firstStringHasBiggerDigitInTheMiddle_shouldBeBigger" classname="org.openmrs.util.NaturalStringsTest" time="0"/>
  <testcase name="compareNaturalAscii_twoEmptyStrings_shouldBeEqual" classname="org.openmrs.util.NaturalStringsTest" time="0"/>
  <testcase name="compareNaturalAscii_nonEmptyStringComparedToEmptyString_shouldBeBigger" classname="org.openmrs.util.NaturalStringsTest" time="0"/>
  <testcase name="compareNatural_firstStringHasLowerLetterComparedToSecondString_shouldBeSmaller" classname="org.openmrs.util.NaturalStringsTest" time="0"/>
  <testcase name="compareNaturalAscii_sameDigitStringsHaveSameLetterAtTheSamePlaceInTheMiddle_shouldBeEqual" classname="org.openmrs.util.NaturalStringsTest" time="0"/>
  <testcase name="compareNaturalAscii_stringWithDigitsZeroOneComparedToStringWithDigitsZeroTwo_shouldBeSmaller" classname="org.openmrs.util.NaturalStringsTest" time="0"/>
  <testcase name="compareNaturalAscii_firstDigitStringHasBiggerNumberBeforeSameLetterInBothStrings_shouldBeBigger" classname="org.openmrs.util.NaturalStringsTest" time="0"/>
  <testcase name="compareNaturalAscii_oneLetterStringComparedToHigherOneLetterString_shouldBeSmaller" classname="org.openmrs.util.NaturalStringsTest" time="0.001"/>
  <testcase name="compareNaturalAscii_firstStringHasLowerDigitInTheMiddle_shouldBeSmaller" classname="org.openmrs.util.NaturalStringsTest" time="0"/>
  <testcase name="compareNaturalIgnoreCaseAscii_characterStringsWithDifferentCapitalization_shouldBeEqual" classname="org.openmrs.util.NaturalStringsTest" time="0"/>
  <testcase name="compareNaturalAscii_firstStringIsSameAsSecondStringButHasMoreDigitsAtTheEnd_shouldBeBigger" classname="org.openmrs.util.NaturalStringsTest" time="0"/>
  <testcase name="compareNaturalAscii_firstStringHasLowerDigitInTheMiddleAndSecondStringHasAdditionalDigitAtTheEnd_shouldBeSmaller" classname="org.openmrs.util.NaturalStringsTest" time="0"/>
  <testcase name="compareNaturalAscii_oneLetterStringComparedToSameStringWithMoreLettersAtTheEnd_shouldBeSmaller" classname="org.openmrs.util.NaturalStringsTest" time="0"/>
  <testcase name="compareNaturalAscii_sameDigitStringsButFirstHasHigherLetterAtTheSamePlaceInTheMiddle_shouldBeBigger" classname="org.openmrs.util.NaturalStringsTest" time="0"/>
  <testcase name="compareNaturalAscii_stringWithDigitOneComparedToStringWithDigitTwo_shouldBeSmaller" classname="org.openmrs.util.NaturalStringsTest" time="0"/>
  <testcase name="compareNaturalAscii_twoLetterStringComparedToItsOneLetterSubstring_shouldBeBigger" classname="org.openmrs.util.NaturalStringsTest" time="0"/>
  <testcase name="compareNaturalAscii_higherOneLetterStringComparedToSmallerOneLetterString_shouldBeBigger" classname="org.openmrs.util.NaturalStringsTest" time="0.006"/>
  <testcase name="compareNaturalAscii_firstStringIsPrefixOfSecondString_shouldBeSmaller" classname="org.openmrs.util.NaturalStringsTest" time="0"/>
  <testcase name="compareNaturalAscii_firstDigitStringHasLetterAtTheSamePositionThatOtherStringHasDigit_shouldBeSmaller" classname="org.openmrs.util.NaturalStringsTest" time="0"/>
  <testcase name="compareNatural_sameStringsWithOnlyLetters_shouldBeEqual" classname="org.openmrs.util.NaturalStringsTest" time="0"/>
  <testcase name="compareNaturalAscii_stringOfOnlyZerosComparedToNonEmptyLetterString_shouldBeSmaller" classname="org.openmrs.util.NaturalStringsTest" time="0"/>
  <testcase name="compareNaturalAscii_stringWithDigitsZeroTwoComparedToStringWithDigitsZeroOne_shouldBeBigger" classname="org.openmrs.util.NaturalStringsTest" time="0"/>
  <testcase name="compareNaturalAscii_sameDigitStringsButFirstHasSmallerLetterAtTheSamePlaceInTheMiddle_shouldBeSmaller" classname="org.openmrs.util.NaturalStringsTest" time="0"/>
</testsuite>