<?xml version="1.0" encoding="UTF-8"?>
<testsuite name="org.openmrs.util.OpenmrsUtilTest" time="3.026" tests="47" errors="0" skipped="0" failures="0">
  <properties>
[...]
</properties>
  <testcase name="nullSafeEqualsIgnoreCase_shouldReturnFalseIfOnlyOneOfTheStringsIsNull" classname="org.openmrs.util.OpenmrsUtilTest" time="0.756"/>
  <testcase name="containsUpperAndLowerCase_shouldReturnTrueIfStringContainsUpperAndLowerCase" classname="org.openmrs.util.OpenmrsUtilTest" time="0.047"/>
  <testcase name="getDateFormat_shouldReturnAPatternWithFourYCharactersInIt" classname="org.openmrs.util.OpenmrsUtilTest" time="0.057"/>
  <testcase name="validatePassword_shouldFailWithShortPasswordByDefault" classname="org.openmrs.util.OpenmrsUtilTest" time="0.048"/>
  <testcase name="containsOnlyDigits_shouldReturnFalseIfStringContainsAnyNonDigits" classname="org.openmrs.util.OpenmrsUtilTest" time="0.051"/>
  <testcase name="validatePassword_shouldFailWithCharOnlyPasswordByDefault" classname="org.openmrs.util.OpenmrsUtilTest" time="0.045"/>
  <testcase name="copyFile_shouldCopyInputstreamToOutputstreamAndCloseTheOutputstream" classname="org.openmrs.util.OpenmrsUtilTest" time="0.069"/>
  <testcase name="openmrsDateFormat_shouldAllowSingleDigitDatesAndMonths" classname="org.openmrs.util.OpenmrsUtilTest" time="0.051"/>
  <testcase name="validatePassword_shouldAllowPasswordToContainNonAlphanumericCharacters" classname="org.openmrs.util.OpenmrsUtilTest" time="0.058"/>
  <testcase name="containsDigit_shouldReturnFalseIfStringContainsNoDigits" classname="org.openmrs.util.OpenmrsUtilTest" time="0.052"/>
  <testcase name="url2file_shouldReturnNullGivenNullParameter" classname="org.openmrs.util.OpenmrsUtilTest" time="0.043"/>
  <testcase name="validatePassword_shouldFailWithDigitOnlyPasswordByDefault" classname="org.openmrs.util.OpenmrsUtilTest" time="0.047"/>
  <testcase name="validatePassword_shouldPassWithDigitOnlyPasswordIfAllowed" classname="org.openmrs.util.OpenmrsUtilTest" time="0.047"/>
  <testcase name="nullSafeEqualsIgnoreCase_shouldBeCaseInsensitive" classname="org.openmrs.util.OpenmrsUtilTest" time="0.066"/>
  <testcase name="validatePassword_shouldAllowPasswordToContainWhiteSpaces" classname="org.openmrs.util.OpenmrsUtilTest" time="0.045"/>
  <testcase name="openmrsDateFormat_shouldParseValidDate" classname="org.openmrs.util.OpenmrsUtilTest" time="0.048"/>
  <testcase name="openmrsDateFormat_shouldNotAllowDatesWithInvalidDaysOrMonths" classname="org.openmrs.util.OpenmrsUtilTest" time="0.043"/>
  <testcase name="containsUpperAndLowerCase_shouldReturnFalseIfStringDoesNotContainUpperCaseCharacters" classname="org.openmrs.util.OpenmrsUtilTest" time="0.049"/>
  <testcase name="validatePassword_shouldPassWithPasswordEqualsToUserNameIfAllowed" classname="org.openmrs.util.OpenmrsUtilTest" time="0.051"/>
  <testcase name="containsDigit_shouldReturnTrueIfStringContainsAnyDigits" classname="org.openmrs.util.OpenmrsUtilTest" time="0.049"/>
  <testcase name="validatePassword_shouldFailWithCharOnlyPasswordIfNotAllowed" classname="org.openmrs.util.OpenmrsUtilTest" time="0.05"/>
  <testcase name="validatePassword_shouldFailWithoutUpperAndLowerCasePasswordIfNotAllowed" classname="org.openmrs.util.OpenmrsUtilTest" time="0.045"/>
  <testcase name="shortenedStackTrace_shouldReturnNullIfStackTraceIsNull" classname="org.openmrs.util.OpenmrsUtilTest" time="0.045"/>
  <testcase name="validatePassword_shouldFailWithShortPasswordIfNotAllowed" classname="org.openmrs.util.OpenmrsUtilTest" time="0.05"/>
  <testcase name="validatePassword_shouldStillWorkWithoutAnOpenSession" classname="org.openmrs.util.OpenmrsUtilTest" time="0.047"/>
  <testcase name="validatePassword_shouldFailWithPasswordEqualsToUserNameIfNotAllowed" classname="org.openmrs.util.OpenmrsUtilTest" time="0.051"/>
  <testcase name="validatePassword_shouldPassWithPasswordMatchingConfiguredRegex" classname="org.openmrs.util.OpenmrsUtilTest" time="0.052"/>
  <testcase name="copyFile_shouldNotCopyTheOutputstreamIfInputstreamIsNull" classname="org.openmrs.util.OpenmrsUtilTest" time="0.048"/>
  <testcase name="copyFile_shouldNotCopyTheOutputstreamWhenOutputstreamIsNull" classname="org.openmrs.util.OpenmrsUtilTest" time="0.056"/>
  <testcase name="validatePassword_shouldPassWithoutUpperAndLowerCasePasswordIfAllowed" classname="org.openmrs.util.OpenmrsUtilTest" time="0.051"/>
  <testcase name="containsUpperAndLowerCase_shouldReturnFalseIfStringDoesNotContainLowerCaseCharacters" classname="org.openmrs.util.OpenmrsUtilTest" time="0.05"/>
  <testcase name="validatePassword_shouldFailWithoutUpperAndLowerCasePasswordByDefault" classname="org.openmrs.util.OpenmrsUtilTest" time="0.05"/>
  <testcase name="collectionContains_shouldUseEqualsMethodForComparisonInsteadOfCompareToGivenSortedSetCollection" classname="org.openmrs.util.OpenmrsUtilTest" time="0.047"/>
  <testcase name="validatePassword_shouldFailWithPasswordEqualsToUserNameByDefault" classname="org.openmrs.util.OpenmrsUtilTest" time="0.048"/>
  <testcase name="validatePassword_shouldFailWithDigitOnlyPasswordIfNotAllowed" classname="org.openmrs.util.OpenmrsUtilTest" time="0.048"/>
  <testcase name="validatePassword_shouldPassWithPasswordEqualsToSystemIdIfAllowed" classname="org.openmrs.util.OpenmrsUtilTest" time="0.048"/>
  <testcase name="getDateFormat_shouldNotAllowTheReturnedSimpleDateFormatToBeModified" classname="org.openmrs.util.OpenmrsUtilTest" time="0.06"/>
  <testcase name="validatePassword_shouldFailWithPasswordEqualsToSystemIdIfNotAllowed" classname="org.openmrs.util.OpenmrsUtilTest" time="0.045"/>
  <testcase name="validatePassword_shouldPassWithCharOnlyPasswordIfAllowed" classname="org.openmrs.util.OpenmrsUtilTest" time="0.053"/>
  <testcase name="shortenedStackTrace_shouldRemoveSpringframeworkAndReflectionRelatedLines" classname="org.openmrs.util.OpenmrsUtilTest" time="0.048"/>
  <testcase name="validatePassword_shouldFailWithPasswordNotMatchingConfiguredRegex" classname="org.openmrs.util.OpenmrsUtilTest" time="0.044"/>
  <testcase name="containsOnlyDigits_shouldReturnTrueIfStringContainsOnlyDigits" classname="org.openmrs.util.OpenmrsUtilTest" time="0.047"/>
  <testcase name="validatePassword_shouldFailWithPasswordEqualsToSystemIdByDefault" classname="org.openmrs.util.OpenmrsUtilTest" time="0.044"/>
  <testcase name="validatePassword_shouldPassWithShortPasswordIfAllowed" classname="org.openmrs.util.OpenmrsUtilTest" time="0.047"/>
  <testcase name="openmrsDateFormat_shouldNotAllowTwoDigitYears" classname="org.openmrs.util.OpenmrsUtilTest" time="0.043"/>
  <testcase name="collectionContains_shouldUseEqualsMethodForComparisonInsteadOfCompareToGivenListCollection" classname="org.openmrs.util.OpenmrsUtilTest" time="0.043"/>
  <testcase name="storeProperties_shouldEscapeSlashes" classname="org.openmrs.util.OpenmrsUtilTest" time="0.044"/>
</testsuite>