<?xml version="1.0" encoding="UTF-8"?>
<testsuite xmlns:xsi="http://www.w3.org/2001/XMLSchema-instance" xsi:noNamespaceSchemaLocation="https://maven.apache.org/surefire/maven-surefire-plugin/xsd/surefire-test-report.xsd" name="org.openmrs.web.dwr.DWRConceptServiceTest" time="1.251" tests="11" errors="0" skipped="0" failures="0">
  <properties>
[...]
</properties>
  <testcase name="findConceptAnswers_shouldSearchForConceptAnswersInAllSearchLocales" classname="org.openmrs.web.dwr.DWRConceptServiceTest" time="0.465"/>
  <testcase name="findBatchOfConcepts_shouldNotReturnConceptByGivenIdIfClassnameIsExcluded" classname="org.openmrs.web.dwr.DWRConceptServiceTest" time="0.069"/>
  <testcase name="findBatchOfConcepts_shouldNotReturnDuplicatesWhenSearchingByConceptId" classname="org.openmrs.web.dwr.DWRConceptServiceTest" time="0.064"/>
  <testcase name="findBatchOfConcepts_shouldReturnConceptByGivenIdIfClassnameIsIncluded" classname="org.openmrs.web.dwr.DWRConceptServiceTest" time="0.067"/>
  <testcase name="findConceptAnswers_shouldNotReturnDuplicates" classname="org.openmrs.web.dwr.DWRConceptServiceTest" time="0.148"/>
  <testcase name="findBatchOfConcepts_shouldReturnConceptByGivenIdIfDatatypeIsIncluded" classname="org.openmrs.web.dwr.DWRConceptServiceTest" time="0.061"/>
  <testcase name="findConceptAnswers_shouldNotFailIfTheSpecifiedConceptHasNoAnswersRegressionTestForTRUNK2807" classname="org.openmrs.web.dwr.DWRConceptServiceTest" time="0.092"/>
  <testcase name="findBatchOfConcepts_shouldNotReturnConceptByGivenIdIfDatatypeIsNotIncluded" classname="org.openmrs.web.dwr.DWRConceptServiceTest" time="0.052"/>
  <testcase name="findBatchOfConcepts_shouldNotReturnConceptByGivenIdIfDatatypeIsExcluded" classname="org.openmrs.web.dwr.DWRConceptServiceTest" time="0.056"/>
  <testcase name="findBatchOfConcepts_shouldNotReturnConceptByGivenIdIfClassnameIsNotIncluded" classname="org.openmrs.web.dwr.DWRConceptServiceTest" time="0.055"/>
  <testcase name="findBatchOfConcepts_shouldReturnConceptByGivenIdIfExclusionAndInclusionListsAreEmpty" classname="org.openmrs.web.dwr.DWRConceptServiceTest" time="0.058"/>
</testsuite>